09:34:46 INFO  : Registering command handlers for SDK TCF services
09:34:47 INFO  : Launching XSCT server: xsct.bat -interactive C:\Users\Ardi\Vivado\Project\TicTacToe\TicTacToe.sdk\temp_xsdb_launch_script.tcl
09:34:53 INFO  : XSCT server has started successfully.
09:34:53 INFO  : Successfully done setting XSCT server connection channel  
09:35:10 INFO  : Successfully done setting SDK workspace  
09:35:10 INFO  : Processing command line option -hwspec C:/Users/Ardi/Vivado/Project/TicTacToe/TicTacToe.sdk/design_tictactoe_wrapper.hdf.
13:45:10 INFO  : Connected to target on host '127.0.0.1' and port '3121'.
13:45:12 INFO  : 'targets -set -filter {jtag_cable_name =~ "Digilent Zybo 210279778069A" && level==0} -index 1' command is executed.
13:45:13 INFO  : FPGA configured successfully with bitstream "C:/Users/Ardi/Vivado/Project/TicTacToe/TicTacToe.sdk/design_tictactoe_wrapper_hw_platform_0/design_tictactoe_wrapper.bit"
13:47:16 INFO  : System reset is completed.
13:47:18 INFO  : FPGA configured successfully with bitstream "C:/Users/Ardi/Vivado/Project/TicTacToe/TicTacToe.sdk/design_tictactoe_wrapper_hw_platform_0/design_tictactoe_wrapper.bit"
13:47:19 INFO  : ps7_init is completed.
13:47:19 INFO  : ps7_post_config is completed.
13:48:15 INFO  : System reset is completed.
13:48:17 INFO  : FPGA configured successfully with bitstream "C:/Users/Ardi/Vivado/Project/TicTacToe/TicTacToe.sdk/design_tictactoe_wrapper_hw_platform_0/design_tictactoe_wrapper.bit"
13:48:18 INFO  : ps7_init is completed.
13:48:18 INFO  : ps7_post_config is completed.
13:52:35 INFO  : System reset is completed.
13:52:37 INFO  : FPGA configured successfully with bitstream "C:/Users/Ardi/Vivado/Project/TicTacToe/TicTacToe.sdk/design_tictactoe_wrapper_hw_platform_0/design_tictactoe_wrapper.bit"
13:52:37 INFO  : ps7_init is completed.
13:52:37 INFO  : ps7_post_config is completed.
13:55:28 INFO  : System reset is completed.
13:55:30 INFO  : FPGA configured successfully with bitstream "C:/Users/Ardi/Vivado/Project/TicTacToe/TicTacToe.sdk/design_tictactoe_wrapper_hw_platform_0/design_tictactoe_wrapper.bit"
13:55:31 INFO  : ps7_init is completed.
13:55:31 INFO  : ps7_post_config is completed.
13:58:47 ERROR : Unexpected error while parsing XMD response ?: com.google.gson.JsonSyntaxException: com.google.gson.stream.MalformedJsonException: invalid number or unquoted string near 
14:12:56 INFO  : Registering command handlers for SDK TCF services
14:12:57 INFO  : Launching XSCT server: xsct.bat -interactive C:\Users\Ardi\Vivado\Project\TicTacToe\TicTacToe.sdk\temp_xsdb_launch_script.tcl
14:12:59 INFO  : XSCT server has started successfully.
14:12:59 INFO  : Successfully done setting XSCT server connection channel  
14:12:59 INFO  : Successfully done setting SDK workspace  
14:12:59 INFO  : Processing command line option -hwspec C:/Users/Ardi/Vivado/Project/TicTacToe/TicTacToe.sdk/design_tictactoe_wrapper.hdf.
14:12:59 INFO  : Checking for hwspec changes in the project design_tictactoe_wrapper_hw_platform_0.
14:16:16 INFO  : System reset is completed.
14:16:18 INFO  : FPGA configured successfully with bitstream "C:/Users/Ardi/Vivado/Project/TicTacToe/TicTacToe.sdk/design_tictactoe_wrapper_hw_platform_0/design_tictactoe_wrapper.bit"
14:16:19 INFO  : ps7_init is completed.
14:16:19 INFO  : ps7_post_config is completed.
14:21:07 INFO  : System reset is completed.
14:21:09 INFO  : FPGA configured successfully with bitstream "C:/Users/Ardi/Vivado/Project/TicTacToe/TicTacToe.sdk/design_tictactoe_wrapper_hw_platform_0/design_tictactoe_wrapper.bit"
14:21:10 INFO  : ps7_init is completed.
14:21:10 INFO  : ps7_post_config is completed.
14:22:17 INFO  : System reset is completed.
14:22:18 INFO  : FPGA configured successfully with bitstream "C:/Users/Ardi/Vivado/Project/TicTacToe/TicTacToe.sdk/design_tictactoe_wrapper_hw_platform_0/design_tictactoe_wrapper.bit"
14:22:19 INFO  : ps7_init is completed.
14:22:20 INFO  : ps7_post_config is completed.
14:22:20 ERROR : Port COM4 is already in use.
14:22:58 INFO  : System reset is completed.
14:22:59 INFO  : FPGA configured successfully with bitstream "C:/Users/Ardi/Vivado/Project/TicTacToe/TicTacToe.sdk/design_tictactoe_wrapper_hw_platform_0/design_tictactoe_wrapper.bit"
14:23:01 INFO  : ps7_init is completed.
14:23:01 INFO  : ps7_post_config is completed.
14:23:26 ERROR : Unexpected error while parsing XMD response ?: com.google.gson.JsonSyntaxException: com.google.gson.stream.MalformedJsonException: invalid number or unquoted string near 
14:36:45 INFO  : Registering command handlers for SDK TCF services
14:36:45 INFO  : Launching XSCT server: xsct.bat -interactive C:\Users\Ardi\Vivado\Project\TicTacToe\TicTacToe.sdk\temp_xsdb_launch_script.tcl
14:36:48 INFO  : XSCT server has started successfully.
14:36:48 INFO  : Successfully done setting XSCT server connection channel  
14:36:48 INFO  : Successfully done setting SDK workspace  
14:36:48 INFO  : Processing command line option -hwspec C:/Users/Ardi/Vivado/Project/TicTacToe/TicTacToe.sdk/design_tictactoe_wrapper.hdf.
14:36:48 INFO  : Checking for hwspec changes in the project design_tictactoe_wrapper_hw_platform_0.
14:36:50 INFO  : SDK has detected change in the last modified timestamps for source hardware specification file Source:1558510559792,  Project:1558492300992
14:36:50 INFO  : The hardware specification for project 'design_tictactoe_wrapper_hw_platform_0' is different from C:/Users/Ardi/Vivado/Project/TicTacToe/TicTacToe.sdk/design_tictactoe_wrapper.hdf.
14:36:50 INFO  : Copied contents of C:/Users/Ardi/Vivado/Project/TicTacToe/TicTacToe.sdk/design_tictactoe_wrapper.hdf into \design_tictactoe_wrapper_hw_platform_0\system.hdf.
14:36:54 INFO  : Synchronizing projects in the workspace with the hardware platform specification changes.
14:36:58 INFO  : 
14:36:59 INFO  : Updating hardware inferred compiler options for TicTacToe_program.
14:36:59 INFO  : Clearing existing target manager status.
14:38:14 INFO  : Connected to target on host '127.0.0.1' and port '3121'.
14:38:15 INFO  : 'targets -set -filter {jtag_cable_name =~ "Digilent Zybo 210279778069A" && level==0} -index 1' command is executed.
14:38:16 INFO  : FPGA configured successfully with bitstream "C:/Users/Ardi/Vivado/Project/TicTacToe/TicTacToe.sdk/design_tictactoe_wrapper_hw_platform_0/design_tictactoe_wrapper.bit"
14:38:28 INFO  : System reset is completed.
14:38:29 INFO  : FPGA configured successfully with bitstream "C:/Users/Ardi/Vivado/Project/TicTacToe/TicTacToe.sdk/design_tictactoe_wrapper_hw_platform_0/design_tictactoe_wrapper.bit"
14:38:30 INFO  : ps7_init is completed.
14:38:30 INFO  : ps7_post_config is completed.
14:39:30 INFO  : System reset is completed.
14:39:32 INFO  : FPGA configured successfully with bitstream "C:/Users/Ardi/Vivado/Project/TicTacToe/TicTacToe.sdk/design_tictactoe_wrapper_hw_platform_0/design_tictactoe_wrapper.bit"
14:39:32 INFO  : ps7_init is completed.
14:39:32 INFO  : ps7_post_config is completed.
14:41:22 INFO  : System reset is completed.
14:41:24 INFO  : FPGA configured successfully with bitstream "C:/Users/Ardi/Vivado/Project/TicTacToe/TicTacToe.sdk/design_tictactoe_wrapper_hw_platform_0/design_tictactoe_wrapper.bit"
14:41:24 INFO  : ps7_init is completed.
14:41:25 INFO  : ps7_post_config is completed.
14:51:17 INFO  : Connected to target on host '127.0.0.1' and port '3121'.
14:51:17 INFO  : 'targets -set -filter {jtag_cable_name =~ "Digilent Zybo 210279778069A" && level==0} -index 1' command is executed.
14:51:18 INFO  : FPGA configured successfully with bitstream "C:/Users/Ardi/Vivado/Project/TicTacToe/TicTacToe.sdk/design_tictactoe_wrapper_hw_platform_0/design_tictactoe_wrapper.bit"
14:51:27 INFO  : System reset is completed.
14:51:28 INFO  : FPGA configured successfully with bitstream "C:/Users/Ardi/Vivado/Project/TicTacToe/TicTacToe.sdk/design_tictactoe_wrapper_hw_platform_0/design_tictactoe_wrapper.bit"
14:51:29 INFO  : ps7_init is completed.
14:51:29 INFO  : ps7_post_config is completed.
14:52:04 INFO  : System reset is completed.
14:52:06 INFO  : FPGA configured successfully with bitstream "C:/Users/Ardi/Vivado/Project/TicTacToe/TicTacToe.sdk/design_tictactoe_wrapper_hw_platform_0/design_tictactoe_wrapper.bit"
14:52:06 INFO  : ps7_init is completed.
14:52:07 INFO  : ps7_post_config is completed.
14:57:33 INFO  : Connected to target on host '127.0.0.1' and port '3121'.
14:57:33 INFO  : 'targets -set -filter {jtag_cable_name =~ "Digilent Zybo 210279778069A" && level==0} -index 1' command is executed.
14:57:34 INFO  : FPGA configured successfully with bitstream "C:/Users/Ardi/Vivado/Project/TicTacToe/TicTacToe.sdk/design_tictactoe_wrapper_hw_platform_0/design_tictactoe_wrapper.bit"
14:57:39 INFO  : System reset is completed.
14:57:41 INFO  : FPGA configured successfully with bitstream "C:/Users/Ardi/Vivado/Project/TicTacToe/TicTacToe.sdk/design_tictactoe_wrapper_hw_platform_0/design_tictactoe_wrapper.bit"
14:57:42 INFO  : ps7_init is completed.
14:57:42 INFO  : ps7_post_config is completed.
14:57:58 INFO  : System reset is completed.
14:58:00 INFO  : FPGA configured successfully with bitstream "C:/Users/Ardi/Vivado/Project/TicTacToe/TicTacToe.sdk/design_tictactoe_wrapper_hw_platform_0/design_tictactoe_wrapper.bit"
14:58:01 INFO  : ps7_init is completed.
14:58:01 INFO  : ps7_post_config is completed.
15:00:00 INFO  : System reset is completed.
15:00:02 INFO  : FPGA configured successfully with bitstream "C:/Users/Ardi/Vivado/Project/TicTacToe/TicTacToe.sdk/design_tictactoe_wrapper_hw_platform_0/design_tictactoe_wrapper.bit"
15:00:03 INFO  : ps7_init is completed.
15:00:03 INFO  : ps7_post_config is completed.
15:00:07 INFO  : ps7_cortexa9_0 Processor is in use. Please stop existing Run or Debug sessions before launching.
15:00:21 INFO  : System reset is completed.
15:00:22 INFO  : FPGA configured successfully with bitstream "C:/Users/Ardi/Vivado/Project/TicTacToe/TicTacToe.sdk/design_tictactoe_wrapper_hw_platform_0/design_tictactoe_wrapper.bit"
15:00:23 INFO  : ps7_init is completed.
15:00:23 INFO  : ps7_post_config is completed.
15:01:04 INFO  : System reset is completed.
15:01:06 INFO  : FPGA configured successfully with bitstream "C:/Users/Ardi/Vivado/Project/TicTacToe/TicTacToe.sdk/design_tictactoe_wrapper_hw_platform_0/design_tictactoe_wrapper.bit"
15:01:06 INFO  : ps7_init is completed.
15:01:06 INFO  : ps7_post_config is completed.
15:03:22 INFO  : System reset is completed.
15:03:23 INFO  : FPGA configured successfully with bitstream "C:/Users/Ardi/Vivado/Project/TicTacToe/TicTacToe.sdk/design_tictactoe_wrapper_hw_platform_0/design_tictactoe_wrapper.bit"
15:03:24 INFO  : ps7_init is completed.
15:03:24 INFO  : ps7_post_config is completed.
15:04:14 INFO  : System reset is completed.
15:04:16 INFO  : FPGA configured successfully with bitstream "C:/Users/Ardi/Vivado/Project/TicTacToe/TicTacToe.sdk/design_tictactoe_wrapper_hw_platform_0/design_tictactoe_wrapper.bit"
15:04:16 INFO  : ps7_init is completed.
15:04:16 INFO  : ps7_post_config is completed.
15:04:35 INFO  : System reset is completed.
15:04:37 INFO  : FPGA configured successfully with bitstream "C:/Users/Ardi/Vivado/Project/TicTacToe/TicTacToe.sdk/design_tictactoe_wrapper_hw_platform_0/design_tictactoe_wrapper.bit"
15:04:38 INFO  : ps7_init is completed.
15:04:38 INFO  : ps7_post_config is completed.
15:04:47 INFO  : System reset is completed.
15:04:49 INFO  : FPGA configured successfully with bitstream "C:/Users/Ardi/Vivado/Project/TicTacToe/TicTacToe.sdk/design_tictactoe_wrapper_hw_platform_0/design_tictactoe_wrapper.bit"
15:04:49 INFO  : ps7_init is completed.
15:04:50 INFO  : ps7_post_config is completed.
15:05:08 INFO  : System reset is completed.
15:05:10 INFO  : FPGA configured successfully with bitstream "C:/Users/Ardi/Vivado/Project/TicTacToe/TicTacToe.sdk/design_tictactoe_wrapper_hw_platform_0/design_tictactoe_wrapper.bit"
15:05:11 INFO  : ps7_init is completed.
15:05:11 INFO  : ps7_post_config is completed.
16:00:41 ERROR : Unexpected error while parsing XMD response ?: com.google.gson.JsonSyntaxException: com.google.gson.stream.MalformedJsonException: invalid number or unquoted string near 
16:12:55 INFO  : Registering command handlers for SDK TCF services
16:12:56 INFO  : Launching XSCT server: xsct.bat -interactive C:\Users\Ardi\Vivado\Project\TicTacToe\TicTacToe.sdk\temp_xsdb_launch_script.tcl
16:12:58 INFO  : XSCT server has started successfully.
16:12:58 INFO  : Successfully done setting XSCT server connection channel  
16:12:58 INFO  : Successfully done setting SDK workspace  
16:12:58 INFO  : Processing command line option -hwspec C:/Users/Ardi/Vivado/Project/TicTacToe/TicTacToe.sdk/design_tictactoe_wrapper.hdf.
16:12:58 INFO  : Checking for hwspec changes in the project design_tictactoe_wrapper_hw_platform_0.
16:13:00 INFO  : SDK has detected change in the last modified timestamps for source hardware specification file Source:1558516314999,  Project:1558510559792
16:13:00 INFO  : The hardware specification for project 'design_tictactoe_wrapper_hw_platform_0' is different from C:/Users/Ardi/Vivado/Project/TicTacToe/TicTacToe.sdk/design_tictactoe_wrapper.hdf.
16:13:00 INFO  : Copied contents of C:/Users/Ardi/Vivado/Project/TicTacToe/TicTacToe.sdk/design_tictactoe_wrapper.hdf into \design_tictactoe_wrapper_hw_platform_0\system.hdf.
16:13:04 INFO  : Synchronizing projects in the workspace with the hardware platform specification changes.
16:13:13 INFO  : 
16:13:14 INFO  : Updating hardware inferred compiler options for TicTacToe_program.
16:13:14 INFO  : Clearing existing target manager status.
16:24:44 INFO  : Connected to target on host '127.0.0.1' and port '3121'.
16:24:45 INFO  : 'targets -set -filter {jtag_cable_name =~ "Digilent Zybo 210279778083A" && level==0} -index 1' command is executed.
16:24:47 INFO  : FPGA configured successfully with bitstream "C:/Users/Ardi/Vivado/Project/TicTacToe/TicTacToe.sdk/design_tictactoe_wrapper_hw_platform_0/design_tictactoe_wrapper.bit"
16:24:54 INFO  : System reset is completed.
16:24:56 INFO  : FPGA configured successfully with bitstream "C:/Users/Ardi/Vivado/Project/TicTacToe/TicTacToe.sdk/design_tictactoe_wrapper_hw_platform_0/design_tictactoe_wrapper.bit"
16:24:56 INFO  : ps7_init is completed.
16:24:57 INFO  : ps7_post_config is completed.
16:24:57 ERROR : No such port: COM4
16:25:14 INFO  : System reset is completed.
16:25:15 INFO  : FPGA configured successfully with bitstream "C:/Users/Ardi/Vivado/Project/TicTacToe/TicTacToe.sdk/design_tictactoe_wrapper_hw_platform_0/design_tictactoe_wrapper.bit"
16:25:16 INFO  : ps7_init is completed.
16:25:16 INFO  : ps7_post_config is completed.
16:25:28 INFO  : System reset is completed.
16:25:30 INFO  : FPGA configured successfully with bitstream "C:/Users/Ardi/Vivado/Project/TicTacToe/TicTacToe.sdk/design_tictactoe_wrapper_hw_platform_0/design_tictactoe_wrapper.bit"
16:25:30 INFO  : ps7_init is completed.
16:25:30 INFO  : ps7_post_config is completed.
16:25:39 INFO  : System reset is completed.
16:25:40 INFO  : FPGA configured successfully with bitstream "C:/Users/Ardi/Vivado/Project/TicTacToe/TicTacToe.sdk/design_tictactoe_wrapper_hw_platform_0/design_tictactoe_wrapper.bit"
16:25:41 INFO  : ps7_init is completed.
16:25:41 INFO  : ps7_post_config is completed.
16:25:59 INFO  : System reset is completed.
16:26:01 INFO  : FPGA configured successfully with bitstream "C:/Users/Ardi/Vivado/Project/TicTacToe/TicTacToe.sdk/design_tictactoe_wrapper_hw_platform_0/design_tictactoe_wrapper.bit"
16:26:01 INFO  : ps7_init is completed.
16:26:01 INFO  : ps7_post_config is completed.
16:26:07 INFO  : System reset is completed.
16:26:08 INFO  : FPGA configured successfully with bitstream "C:/Users/Ardi/Vivado/Project/TicTacToe/TicTacToe.sdk/design_tictactoe_wrapper_hw_platform_0/design_tictactoe_wrapper.bit"
16:26:09 INFO  : ps7_init is completed.
16:26:09 INFO  : ps7_post_config is completed.
16:26:18 INFO  : System reset is completed.
16:26:20 INFO  : FPGA configured successfully with bitstream "C:/Users/Ardi/Vivado/Project/TicTacToe/TicTacToe.sdk/design_tictactoe_wrapper_hw_platform_0/design_tictactoe_wrapper.bit"
16:26:20 INFO  : ps7_init is completed.
16:26:20 INFO  : ps7_post_config is completed.
16:26:27 INFO  : System reset is completed.
16:26:29 INFO  : FPGA configured successfully with bitstream "C:/Users/Ardi/Vivado/Project/TicTacToe/TicTacToe.sdk/design_tictactoe_wrapper_hw_platform_0/design_tictactoe_wrapper.bit"
16:26:30 INFO  : ps7_init is completed.
16:26:30 INFO  : ps7_post_config is completed.
16:27:49 INFO  : System reset is completed.
16:27:51 INFO  : FPGA configured successfully with bitstream "C:/Users/Ardi/Vivado/Project/TicTacToe/TicTacToe.sdk/design_tictactoe_wrapper_hw_platform_0/design_tictactoe_wrapper.bit"
16:27:52 INFO  : ps7_init is completed.
16:27:52 INFO  : ps7_post_config is completed.
16:28:04 INFO  : System reset is completed.
16:28:06 INFO  : FPGA configured successfully with bitstream "C:/Users/Ardi/Vivado/Project/TicTacToe/TicTacToe.sdk/design_tictactoe_wrapper_hw_platform_0/design_tictactoe_wrapper.bit"
16:28:07 INFO  : ps7_init is completed.
16:28:07 INFO  : ps7_post_config is completed.
16:28:47 INFO  : System reset is completed.
16:28:48 INFO  : FPGA configured successfully with bitstream "C:/Users/Ardi/Vivado/Project/TicTacToe/TicTacToe.sdk/design_tictactoe_wrapper_hw_platform_0/design_tictactoe_wrapper.bit"
16:28:49 INFO  : ps7_init is completed.
16:28:49 INFO  : ps7_post_config is completed.
16:28:54 INFO  : System reset is completed.
16:28:56 INFO  : FPGA configured successfully with bitstream "C:/Users/Ardi/Vivado/Project/TicTacToe/TicTacToe.sdk/design_tictactoe_wrapper_hw_platform_0/design_tictactoe_wrapper.bit"
16:28:57 INFO  : ps7_init is completed.
16:28:57 INFO  : ps7_post_config is completed.
16:29:06 INFO  : System reset is completed.
16:29:08 INFO  : FPGA configured successfully with bitstream "C:/Users/Ardi/Vivado/Project/TicTacToe/TicTacToe.sdk/design_tictactoe_wrapper_hw_platform_0/design_tictactoe_wrapper.bit"
16:29:09 INFO  : ps7_init is completed.
16:29:09 INFO  : ps7_post_config is completed.
16:30:04 INFO  : System reset is completed.
16:30:06 INFO  : FPGA configured successfully with bitstream "C:/Users/Ardi/Vivado/Project/TicTacToe/TicTacToe.sdk/design_tictactoe_wrapper_hw_platform_0/design_tictactoe_wrapper.bit"
16:30:06 INFO  : ps7_init is completed.
16:30:07 INFO  : ps7_post_config is completed.
16:30:22 INFO  : System reset is completed.
16:30:23 INFO  : FPGA configured successfully with bitstream "C:/Users/Ardi/Vivado/Project/TicTacToe/TicTacToe.sdk/design_tictactoe_wrapper_hw_platform_0/design_tictactoe_wrapper.bit"
16:30:24 INFO  : ps7_init is completed.
16:30:24 INFO  : ps7_post_config is completed.
16:31:00 INFO  : System reset is completed.
16:31:02 INFO  : FPGA configured successfully with bitstream "C:/Users/Ardi/Vivado/Project/TicTacToe/TicTacToe.sdk/design_tictactoe_wrapper_hw_platform_0/design_tictactoe_wrapper.bit"
16:31:03 INFO  : ps7_init is completed.
16:31:03 INFO  : ps7_post_config is completed.
16:31:12 INFO  : System reset is completed.
16:31:14 INFO  : FPGA configured successfully with bitstream "C:/Users/Ardi/Vivado/Project/TicTacToe/TicTacToe.sdk/design_tictactoe_wrapper_hw_platform_0/design_tictactoe_wrapper.bit"
16:31:14 INFO  : ps7_init is completed.
16:31:14 INFO  : ps7_post_config is completed.
16:31:25 INFO  : System reset is completed.
16:31:27 INFO  : FPGA configured successfully with bitstream "C:/Users/Ardi/Vivado/Project/TicTacToe/TicTacToe.sdk/design_tictactoe_wrapper_hw_platform_0/design_tictactoe_wrapper.bit"
16:31:28 INFO  : ps7_init is completed.
16:31:28 INFO  : ps7_post_config is completed.
16:31:32 INFO  : System reset is completed.
16:31:34 INFO  : FPGA configured successfully with bitstream "C:/Users/Ardi/Vivado/Project/TicTacToe/TicTacToe.sdk/design_tictactoe_wrapper_hw_platform_0/design_tictactoe_wrapper.bit"
16:31:35 INFO  : ps7_init is completed.
16:31:35 INFO  : ps7_post_config is completed.
16:31:55 INFO  : System reset is completed.
16:31:56 INFO  : FPGA configured successfully with bitstream "C:/Users/Ardi/Vivado/Project/TicTacToe/TicTacToe.sdk/design_tictactoe_wrapper_hw_platform_0/design_tictactoe_wrapper.bit"
16:31:57 INFO  : ps7_init is completed.
16:31:57 INFO  : ps7_post_config is completed.
16:32:02 INFO  : System reset is completed.
16:32:03 INFO  : FPGA configured successfully with bitstream "C:/Users/Ardi/Vivado/Project/TicTacToe/TicTacToe.sdk/design_tictactoe_wrapper_hw_platform_0/design_tictactoe_wrapper.bit"
16:32:04 INFO  : ps7_init is completed.
16:32:04 INFO  : ps7_post_config is completed.
16:32:27 INFO  : System reset is completed.
16:32:29 INFO  : FPGA configured successfully with bitstream "C:/Users/Ardi/Vivado/Project/TicTacToe/TicTacToe.sdk/design_tictactoe_wrapper_hw_platform_0/design_tictactoe_wrapper.bit"
16:32:30 INFO  : ps7_init is completed.
16:32:30 INFO  : ps7_post_config is completed.
16:32:51 INFO  : System reset is completed.
16:32:52 INFO  : FPGA configured successfully with bitstream "C:/Users/Ardi/Vivado/Project/TicTacToe/TicTacToe.sdk/design_tictactoe_wrapper_hw_platform_0/design_tictactoe_wrapper.bit"
16:32:53 INFO  : ps7_init is completed.
16:32:53 INFO  : ps7_post_config is completed.
16:33:01 INFO  : System reset is completed.
16:33:03 INFO  : FPGA configured successfully with bitstream "C:/Users/Ardi/Vivado/Project/TicTacToe/TicTacToe.sdk/design_tictactoe_wrapper_hw_platform_0/design_tictactoe_wrapper.bit"
16:33:03 INFO  : ps7_init is completed.
16:33:03 INFO  : ps7_post_config is completed.
16:33:13 INFO  : System reset is completed.
16:33:15 INFO  : FPGA configured successfully with bitstream "C:/Users/Ardi/Vivado/Project/TicTacToe/TicTacToe.sdk/design_tictactoe_wrapper_hw_platform_0/design_tictactoe_wrapper.bit"
16:33:15 INFO  : ps7_init is completed.
16:33:16 INFO  : ps7_post_config is completed.
16:33:30 INFO  : System reset is completed.
16:33:32 INFO  : FPGA configured successfully with bitstream "C:/Users/Ardi/Vivado/Project/TicTacToe/TicTacToe.sdk/design_tictactoe_wrapper_hw_platform_0/design_tictactoe_wrapper.bit"
16:33:33 INFO  : ps7_init is completed.
16:33:33 INFO  : ps7_post_config is completed.
16:34:16 INFO  : System reset is completed.
16:34:17 INFO  : FPGA configured successfully with bitstream "C:/Users/Ardi/Vivado/Project/TicTacToe/TicTacToe.sdk/design_tictactoe_wrapper_hw_platform_0/design_tictactoe_wrapper.bit"
16:34:18 INFO  : ps7_init is completed.
16:34:18 INFO  : ps7_post_config is completed.
16:36:14 INFO  : System reset is completed.
16:36:15 INFO  : FPGA configured successfully with bitstream "C:/Users/Ardi/Vivado/Project/TicTacToe/TicTacToe.sdk/design_tictactoe_wrapper_hw_platform_0/design_tictactoe_wrapper.bit"
16:36:16 INFO  : ps7_init is completed.
16:36:16 INFO  : ps7_post_config is completed.
16:36:30 INFO  : System reset is completed.
16:36:32 INFO  : FPGA configured successfully with bitstream "C:/Users/Ardi/Vivado/Project/TicTacToe/TicTacToe.sdk/design_tictactoe_wrapper_hw_platform_0/design_tictactoe_wrapper.bit"
16:36:32 INFO  : ps7_init is completed.
16:36:32 INFO  : ps7_post_config is completed.
16:36:53 INFO  : System reset is completed.
16:36:55 INFO  : FPGA configured successfully with bitstream "C:/Users/Ardi/Vivado/Project/TicTacToe/TicTacToe.sdk/design_tictactoe_wrapper_hw_platform_0/design_tictactoe_wrapper.bit"
16:36:55 INFO  : ps7_init is completed.
16:36:56 INFO  : ps7_post_config is completed.
16:37:46 INFO  : System reset is completed.
16:37:47 INFO  : FPGA configured successfully with bitstream "C:/Users/Ardi/Vivado/Project/TicTacToe/TicTacToe.sdk/design_tictactoe_wrapper_hw_platform_0/design_tictactoe_wrapper.bit"
16:37:48 INFO  : ps7_init is completed.
16:37:48 INFO  : ps7_post_config is completed.
16:37:57 INFO  : System reset is completed.
16:37:58 INFO  : FPGA configured successfully with bitstream "C:/Users/Ardi/Vivado/Project/TicTacToe/TicTacToe.sdk/design_tictactoe_wrapper_hw_platform_0/design_tictactoe_wrapper.bit"
16:37:59 INFO  : ps7_init is completed.
16:37:59 INFO  : ps7_post_config is completed.
16:38:03 INFO  : System reset is completed.
16:38:05 INFO  : FPGA configured successfully with bitstream "C:/Users/Ardi/Vivado/Project/TicTacToe/TicTacToe.sdk/design_tictactoe_wrapper_hw_platform_0/design_tictactoe_wrapper.bit"
16:38:05 INFO  : ps7_init is completed.
16:38:05 INFO  : ps7_post_config is completed.
16:38:12 INFO  : System reset is completed.
16:38:14 INFO  : FPGA configured successfully with bitstream "C:/Users/Ardi/Vivado/Project/TicTacToe/TicTacToe.sdk/design_tictactoe_wrapper_hw_platform_0/design_tictactoe_wrapper.bit"
16:38:15 INFO  : ps7_init is completed.
16:38:15 INFO  : ps7_post_config is completed.
16:38:20 INFO  : System reset is completed.
16:38:22 INFO  : FPGA configured successfully with bitstream "C:/Users/Ardi/Vivado/Project/TicTacToe/TicTacToe.sdk/design_tictactoe_wrapper_hw_platform_0/design_tictactoe_wrapper.bit"
16:38:23 INFO  : ps7_init is completed.
16:38:23 INFO  : ps7_post_config is completed.
16:38:26 INFO  : System reset is completed.
16:38:28 INFO  : FPGA configured successfully with bitstream "C:/Users/Ardi/Vivado/Project/TicTacToe/TicTacToe.sdk/design_tictactoe_wrapper_hw_platform_0/design_tictactoe_wrapper.bit"
16:38:28 INFO  : ps7_init is completed.
16:38:28 INFO  : ps7_post_config is completed.
17:01:55 INFO  : System reset is completed.
17:01:57 INFO  : FPGA configured successfully with bitstream "C:/Users/Ardi/Vivado/Project/TicTacToe/TicTacToe.sdk/design_tictactoe_wrapper_hw_platform_0/design_tictactoe_wrapper.bit"
17:01:58 INFO  : ps7_init is completed.
17:01:58 INFO  : ps7_post_config is completed.
17:03:02 INFO  : System reset is completed.
17:03:04 INFO  : FPGA configured successfully with bitstream "C:/Users/Ardi/Vivado/Project/TicTacToe/TicTacToe.sdk/design_tictactoe_wrapper_hw_platform_0/design_tictactoe_wrapper.bit"
17:03:04 INFO  : ps7_init is completed.
17:03:04 INFO  : ps7_post_config is completed.
17:07:36 INFO  : System reset is completed.
17:07:38 INFO  : FPGA configured successfully with bitstream "C:/Users/Ardi/Vivado/Project/TicTacToe/TicTacToe.sdk/design_tictactoe_wrapper_hw_platform_0/design_tictactoe_wrapper.bit"
17:07:38 INFO  : ps7_init is completed.
17:07:38 INFO  : ps7_post_config is completed.
17:10:41 INFO  : System reset is completed.
17:10:43 INFO  : FPGA configured successfully with bitstream "C:/Users/Ardi/Vivado/Project/TicTacToe/TicTacToe.sdk/design_tictactoe_wrapper_hw_platform_0/design_tictactoe_wrapper.bit"
17:10:44 INFO  : ps7_init is completed.
17:10:44 INFO  : ps7_post_config is completed.
18:48:28 ERROR : Unexpected error while parsing XMD response ?: com.google.gson.JsonSyntaxException: com.google.gson.stream.MalformedJsonException: invalid number or unquoted string near 
19:40:26 INFO  : Registering command handlers for SDK TCF services
19:40:27 INFO  : Launching XSCT server: xsct.bat -interactive C:\Users\Ardi\Vivado\Project\TicTacToe\TicTacToe.sdk\temp_xsdb_launch_script.tcl
19:40:33 INFO  : XSCT server has started successfully.
19:40:33 INFO  : Successfully done setting XSCT server connection channel  
19:40:34 INFO  : Successfully done setting SDK workspace  
19:40:34 INFO  : Processing command line option -hwspec C:/Users/Ardi/Vivado/Project/TicTacToe/TicTacToe.sdk/design_tictactoe_wrapper.hdf.
19:40:34 INFO  : Checking for hwspec changes in the project design_tictactoe_wrapper_hw_platform_0.
19:40:37 INFO  : SDK has detected change in the last modified timestamps for source hardware specification file Source:1558528714799,  Project:1558516314999
19:40:37 INFO  : The hardware specification for project 'design_tictactoe_wrapper_hw_platform_0' is different from C:/Users/Ardi/Vivado/Project/TicTacToe/TicTacToe.sdk/design_tictactoe_wrapper.hdf.
19:40:37 INFO  : Copied contents of C:/Users/Ardi/Vivado/Project/TicTacToe/TicTacToe.sdk/design_tictactoe_wrapper.hdf into \design_tictactoe_wrapper_hw_platform_0\system.hdf.
19:40:41 INFO  : Synchronizing projects in the workspace with the hardware platform specification changes.
19:40:51 INFO  : 
19:40:51 INFO  : Clearing existing target manager status.
19:40:53 INFO  : Workspace synchronized with the new hardware specification file. Cleaning dependent projects...
19:40:55 WARN  : Linker script will not be updated automatically. Users need to update it manually.
19:46:13 ERROR : Unexpected error while parsing XMD response ?: com.google.gson.JsonSyntaxException: com.google.gson.stream.MalformedJsonException: invalid number or unquoted string near 
19:47:12 INFO  : Launching XSCT server: xsct.bat -interactive C:\Users\Ardi\Vivado\Project\TicTacToe\TicTacToe.sdk\temp_xsdb_launch_script.tcl
19:47:14 INFO  : XSCT server has started successfully.
19:47:14 INFO  : Successfully done setting XSCT server connection channel  
19:47:16 INFO  : Successfully done setting SDK workspace  
19:47:18 INFO  : Registering command handlers for SDK TCF services
19:47:19 INFO  : Processing command line option -hwspec C:/Users/Ardi/Vivado/Project/TicTacToe/TicTacToe.sdk/design_tictactoe_wrapper.hdf.
19:47:19 INFO  : Checking for hwspec changes in the project design_tictactoe_wrapper_hw_platform_0.
09:34:33 INFO  : Registering command handlers for SDK TCF services
09:34:33 INFO  : Launching XSCT server: xsct.bat -interactive C:\Users\Ardi\Vivado\Project\TicTacToe\TicTacToe.sdk\temp_xsdb_launch_script.tcl
09:34:36 INFO  : XSCT server has started successfully.
09:34:36 INFO  : Successfully done setting XSCT server connection channel  
09:34:42 INFO  : Successfully done setting SDK workspace  
09:34:42 INFO  : Processing command line option -hwspec C:/Users/Ardi/Vivado/Project/TicTacToe/TicTacToe.sdk/design_tictactoe_wrapper.hdf.
09:34:42 INFO  : Checking for hwspec changes in the project design_tictactoe_wrapper_hw_platform_0.
12:02:37 INFO  : Connected to target on host '127.0.0.1' and port '3121'.
12:02:39 INFO  : 'targets -set -filter {jtag_cable_name =~ "Digilent Zybo 210279777875A" && level==0} -index 1' command is executed.
12:02:40 INFO  : FPGA configured successfully with bitstream "C:/Users/Ardi/Vivado/Project/TicTacToe/TicTacToe.sdk/design_tictactoe_wrapper_hw_platform_0/design_tictactoe_wrapper.bit"
12:03:13 ERROR : Unexpected error while launching program.
java.lang.RuntimeException: Project TicTacToe_program does not exist. Please check that your launch configuration specifies a valid project in your workspace.
	at com.xilinx.sdk.debug.core.XilinxAppLaunchConfigurationDelegate.runApplication(XilinxAppLaunchConfigurationDelegate.java:580)
	at com.xilinx.sdk.debug.core.XilinxAppLaunchConfigurationDelegate.launch(XilinxAppLaunchConfigurationDelegate.java:309)
	at com.xilinx.sdk.debug.ui.XilinxAppLaunchDelegateWrapper.launch(XilinxAppLaunchDelegateWrapper.java:31)
	at org.eclipse.debug.internal.core.LaunchConfiguration.launch(LaunchConfiguration.java:885)
	at org.eclipse.debug.internal.core.LaunchConfiguration.launch(LaunchConfiguration.java:739)
	at org.eclipse.debug.internal.ui.DebugUIPlugin.buildAndLaunch(DebugUIPlugin.java:1039)
	at org.eclipse.debug.internal.ui.DebugUIPlugin$8.run(DebugUIPlugin.java:1256)
	at org.eclipse.core.internal.jobs.Worker.run(Worker.java:55)
12:04:38 INFO  : System reset is completed.
12:04:40 INFO  : FPGA configured successfully with bitstream "C:/Users/Ardi/Vivado/Project/TicTacToe/TicTacToe.sdk/design_tictactoe_wrapper_hw_platform_0/design_tictactoe_wrapper.bit"
12:04:41 INFO  : ps7_init is completed.
12:04:41 INFO  : ps7_post_config is completed.
12:05:02 INFO  : System reset is completed.
12:05:04 INFO  : FPGA configured successfully with bitstream "C:/Users/Ardi/Vivado/Project/TicTacToe/TicTacToe.sdk/design_tictactoe_wrapper_hw_platform_0/design_tictactoe_wrapper.bit"
12:05:05 INFO  : ps7_init is completed.
12:05:05 INFO  : ps7_post_config is completed.
12:06:37 INFO  : System reset is completed.
12:06:38 INFO  : FPGA configured successfully with bitstream "C:/Users/Ardi/Vivado/Project/TicTacToe/TicTacToe.sdk/design_tictactoe_wrapper_hw_platform_0/design_tictactoe_wrapper.bit"
12:06:39 INFO  : ps7_init is completed.
12:06:39 INFO  : ps7_post_config is completed.
12:07:03 INFO  : System reset is completed.
12:07:05 INFO  : FPGA configured successfully with bitstream "C:/Users/Ardi/Vivado/Project/TicTacToe/TicTacToe.sdk/design_tictactoe_wrapper_hw_platform_0/design_tictactoe_wrapper.bit"
12:07:06 INFO  : ps7_init is completed.
12:07:06 INFO  : ps7_post_config is completed.
12:08:09 INFO  : System reset is completed.
12:08:10 INFO  : FPGA configured successfully with bitstream "C:/Users/Ardi/Vivado/Project/TicTacToe/TicTacToe.sdk/design_tictactoe_wrapper_hw_platform_0/design_tictactoe_wrapper.bit"
12:08:11 INFO  : ps7_init is completed.
12:08:11 INFO  : ps7_post_config is completed.
12:09:42 INFO  : System reset is completed.
12:09:44 INFO  : FPGA configured successfully with bitstream "C:/Users/Ardi/Vivado/Project/TicTacToe/TicTacToe.sdk/design_tictactoe_wrapper_hw_platform_0/design_tictactoe_wrapper.bit"
12:09:45 INFO  : ps7_init is completed.
12:09:45 INFO  : ps7_post_config is completed.
12:30:11 INFO  : Connected to target on host '127.0.0.1' and port '3121'.
12:30:11 INFO  : 'targets -set -filter {jtag_cable_name =~ "Digilent Zybo 210279777875A" && level==0} -index 1' command is executed.
12:30:13 INFO  : FPGA configured successfully with bitstream "C:/Users/Ardi/Vivado/Project/TicTacToe/TicTacToe.sdk/design_tictactoe_wrapper_hw_platform_0/design_tictactoe_wrapper.bit"
12:30:30 INFO  : System reset is completed.
12:30:31 INFO  : FPGA configured successfully with bitstream "C:/Users/Ardi/Vivado/Project/TicTacToe/TicTacToe.sdk/design_tictactoe_wrapper_hw_platform_0/design_tictactoe_wrapper.bit"
12:30:32 INFO  : ps7_init is completed.
12:30:32 INFO  : ps7_post_config is completed.
12:31:08 INFO  : System reset is completed.
12:31:09 INFO  : FPGA configured successfully with bitstream "C:/Users/Ardi/Vivado/Project/TicTacToe/TicTacToe.sdk/design_tictactoe_wrapper_hw_platform_0/design_tictactoe_wrapper.bit"
12:31:10 INFO  : ps7_init is completed.
12:31:10 INFO  : ps7_post_config is completed.
12:32:01 INFO  : System reset is completed.
12:32:03 INFO  : FPGA configured successfully with bitstream "C:/Users/Ardi/Vivado/Project/TicTacToe/TicTacToe.sdk/design_tictactoe_wrapper_hw_platform_0/design_tictactoe_wrapper.bit"
12:32:03 INFO  : ps7_init is completed.
12:32:03 INFO  : ps7_post_config is completed.
12:32:58 INFO  : System reset is completed.
12:32:59 INFO  : FPGA configured successfully with bitstream "C:/Users/Ardi/Vivado/Project/TicTacToe/TicTacToe.sdk/design_tictactoe_wrapper_hw_platform_0/design_tictactoe_wrapper.bit"
12:33:00 INFO  : ps7_init is completed.
12:33:00 INFO  : ps7_post_config is completed.
12:33:48 INFO  : System reset is completed.
12:33:49 INFO  : FPGA configured successfully with bitstream "C:/Users/Ardi/Vivado/Project/TicTacToe/TicTacToe.sdk/design_tictactoe_wrapper_hw_platform_0/design_tictactoe_wrapper.bit"
12:33:50 INFO  : ps7_init is completed.
12:33:50 INFO  : ps7_post_config is completed.
12:34:42 INFO  : System reset is completed.
12:34:44 INFO  : FPGA configured successfully with bitstream "C:/Users/Ardi/Vivado/Project/TicTacToe/TicTacToe.sdk/design_tictactoe_wrapper_hw_platform_0/design_tictactoe_wrapper.bit"
12:34:45 INFO  : ps7_init is completed.
12:34:45 INFO  : ps7_post_config is completed.
12:35:16 INFO  : System reset is completed.
12:35:17 INFO  : FPGA configured successfully with bitstream "C:/Users/Ardi/Vivado/Project/TicTacToe/TicTacToe.sdk/design_tictactoe_wrapper_hw_platform_0/design_tictactoe_wrapper.bit"
12:35:18 INFO  : ps7_init is completed.
12:35:18 INFO  : ps7_post_config is completed.
12:35:57 INFO  : System reset is completed.
12:35:58 INFO  : FPGA configured successfully with bitstream "C:/Users/Ardi/Vivado/Project/TicTacToe/TicTacToe.sdk/design_tictactoe_wrapper_hw_platform_0/design_tictactoe_wrapper.bit"
12:35:59 INFO  : ps7_init is completed.
12:35:59 INFO  : ps7_post_config is completed.
12:36:17 INFO  : System reset is completed.
12:36:19 INFO  : FPGA configured successfully with bitstream "C:/Users/Ardi/Vivado/Project/TicTacToe/TicTacToe.sdk/design_tictactoe_wrapper_hw_platform_0/design_tictactoe_wrapper.bit"
12:36:19 INFO  : ps7_init is completed.
12:36:19 INFO  : ps7_post_config is completed.
12:37:09 INFO  : System reset is completed.
12:37:10 INFO  : FPGA configured successfully with bitstream "C:/Users/Ardi/Vivado/Project/TicTacToe/TicTacToe.sdk/design_tictactoe_wrapper_hw_platform_0/design_tictactoe_wrapper.bit"
12:37:11 INFO  : ps7_init is completed.
12:37:11 INFO  : ps7_post_config is completed.
12:37:39 INFO  : System reset is completed.
12:37:41 INFO  : FPGA configured successfully with bitstream "C:/Users/Ardi/Vivado/Project/TicTacToe/TicTacToe.sdk/design_tictactoe_wrapper_hw_platform_0/design_tictactoe_wrapper.bit"
12:37:41 INFO  : ps7_init is completed.
12:37:41 INFO  : ps7_post_config is completed.
12:47:45 INFO  : Connected to target on host '127.0.0.1' and port '3121'.
12:47:45 INFO  : 'targets -set -filter {jtag_cable_name =~ "Digilent Zybo 210279777875A" && level==0} -index 1' command is executed.
12:47:46 INFO  : FPGA configured successfully with bitstream "C:/Users/Ardi/Vivado/Project/TicTacToe/TicTacToe.sdk/design_tictactoe_wrapper_hw_platform_0/design_tictactoe_wrapper.bit"
12:47:59 INFO  : System reset is completed.
12:48:00 INFO  : FPGA configured successfully with bitstream "C:/Users/Ardi/Vivado/Project/TicTacToe/TicTacToe.sdk/design_tictactoe_wrapper_hw_platform_0/design_tictactoe_wrapper.bit"
12:48:01 INFO  : ps7_init is completed.
12:48:01 INFO  : ps7_post_config is completed.
12:58:48 INFO  : System reset is completed.
12:58:49 INFO  : FPGA configured successfully with bitstream "C:/Users/Ardi/Vivado/Project/TicTacToe/TicTacToe.sdk/design_tictactoe_wrapper_hw_platform_0/design_tictactoe_wrapper.bit"
12:58:50 INFO  : ps7_init is completed.
12:58:50 INFO  : ps7_post_config is completed.
12:59:46 INFO  : System reset is completed.
12:59:47 INFO  : FPGA configured successfully with bitstream "C:/Users/Ardi/Vivado/Project/TicTacToe/TicTacToe.sdk/design_tictactoe_wrapper_hw_platform_0/design_tictactoe_wrapper.bit"
12:59:48 INFO  : ps7_init is completed.
12:59:48 INFO  : ps7_post_config is completed.
13:00:50 INFO  : Connected to target on host '127.0.0.1' and port '3121'.
13:00:50 INFO  : 'targets -set -filter {jtag_cable_name =~ "Digilent Zybo 210279777875A" && level==0} -index 1' command is executed.
13:00:52 INFO  : FPGA configured successfully with bitstream "C:/Users/Ardi/Vivado/Project/TicTacToe/TicTacToe.sdk/design_tictactoe_wrapper_hw_platform_0/design_tictactoe_wrapper.bit"
13:00:57 INFO  : System reset is completed.
13:00:59 INFO  : FPGA configured successfully with bitstream "C:/Users/Ardi/Vivado/Project/TicTacToe/TicTacToe.sdk/design_tictactoe_wrapper_hw_platform_0/design_tictactoe_wrapper.bit"
13:01:00 INFO  : ps7_init is completed.
13:01:00 INFO  : ps7_post_config is completed.
13:04:06 INFO  : System reset is completed.
13:04:08 INFO  : FPGA configured successfully with bitstream "C:/Users/Ardi/Vivado/Project/TicTacToe/TicTacToe.sdk/design_tictactoe_wrapper_hw_platform_0/design_tictactoe_wrapper.bit"
13:04:09 INFO  : ps7_init is completed.
13:04:09 INFO  : ps7_post_config is completed.
13:28:55 ERROR : Unexpected error while parsing XMD response ?: com.google.gson.JsonSyntaxException: com.google.gson.stream.MalformedJsonException: invalid number or unquoted string near 
18:33:48 INFO  : Registering command handlers for SDK TCF services
18:33:49 INFO  : Launching XSCT server: xsct.bat -interactive C:\Users\Ardi\Vivado\Project\TicTacToe\TicTacToe.sdk\temp_xsdb_launch_script.tcl
18:33:55 INFO  : XSCT server has started successfully.
18:33:55 INFO  : Successfully done setting XSCT server connection channel  
18:34:24 INFO  : Successfully done setting SDK workspace  
18:34:24 INFO  : Processing command line option -hwspec C:/Users/Ardi/Vivado/Project/TicTacToe/TicTacToe.sdk/design_tictactoe_wrapper.hdf.
18:34:25 INFO  : Checking for hwspec changes in the project design_tictactoe_wrapper_hw_platform_0.
19:03:55 INFO  : Registering command handlers for SDK TCF services
19:03:56 INFO  : Launching XSCT server: xsct.bat -interactive C:\Users\Ardi\Vivado\Project\TicTacToe\TicTacToe.sdk\temp_xsdb_launch_script.tcl
19:04:00 INFO  : XSCT server has started successfully.
19:04:00 INFO  : Successfully done setting XSCT server connection channel  
19:04:00 INFO  : Successfully done setting SDK workspace  
19:04:00 INFO  : Processing command line option -hwspec C:/Users/Ardi/Vivado/Project/TicTacToe/TicTacToe.sdk/design_tictactoe_wrapper.hdf.
19:04:00 INFO  : Checking for hwspec changes in the project design_tictactoe_wrapper_hw_platform_0.
