Copyright 1986-2016 Xilinx, Inc. All Rights Reserved.
-----------------------------------------------------------------------------------------------------
| Tool Version : Vivado v.2016.4 (win64) Build 1756540 Mon Jan 23 19:11:23 MST 2017
| Date         : Wed May 22 19:35:12 2019
| Host         : Ardi running 64-bit major release  (build 9200)
| Command      : report_control_sets -verbose -file design_tictactoe_wrapper_control_sets_placed.rpt
| Design       : design_tictactoe_wrapper
| Device       : xc7z010
-----------------------------------------------------------------------------------------------------

Control Set Information

Table of Contents
-----------------
1. Summary
2. Flip-Flop Distribution
3. Detailed Control Set Information

1. Summary
----------

+----------------------------------------------------------+-------+
|                          Status                          | Count |
+----------------------------------------------------------+-------+
| Number of unique control sets                            |    68 |
| Unused register locations in slices containing registers |   226 |
+----------------------------------------------------------+-------+


2. Flip-Flop Distribution
-------------------------

+--------------+-----------------------+------------------------+-----------------+--------------+
| Clock Enable | Synchronous Set/Reset | Asynchronous Set/Reset | Total Registers | Total Slices |
+--------------+-----------------------+------------------------+-----------------+--------------+
| No           | No                    | No                     |             302 |           98 |
| No           | No                    | Yes                    |               0 |            0 |
| No           | Yes                   | No                     |             346 |          119 |
| Yes          | No                    | No                     |             437 |          106 |
| Yes          | No                    | Yes                    |               0 |            0 |
| Yes          | Yes                   | No                     |             113 |           37 |
+--------------+-----------------------+------------------------+-----------------+--------------+


3. Detailed Control Set Information
-----------------------------------

+---------------------------------------------------------+-----------------------------------------------------------------------------------------------------------------------------------------------------------------------+--------------------------------------------------------------------------------------------------------------------------------------------------+------------------+----------------+
|                       Clock Signal                      |                                                                             Enable Signal                                                                             |                                                                 Set/Reset Signal                                                                 | Slice Load Count | Bel Load Count |
+---------------------------------------------------------+-----------------------------------------------------------------------------------------------------------------------------------------------------------------------+--------------------------------------------------------------------------------------------------------------------------------------------------+------------------+----------------+
|  design_tictactoe_i/processing_system7_0/inst/FCLK_CLK0 | design_tictactoe_i/ps7_0_axi_periph/s00_couplers/auto_pc/inst/gen_axilite.gen_b2s_conv.axilite_b2s/WR.b_channel_0/bid_fifo_0/bresp_push                               |                                                                                                                                                  |                1 |              2 |
|  design_tictactoe_i/processing_system7_0/inst/FCLK_CLK0 | design_tictactoe_i/ps7_0_axi_periph/s00_couplers/auto_pc/inst/gen_axilite.gen_b2s_conv.axilite_b2s/RD.ar_channel_0/ar_cmd_fsm_0/axlen_cnt_reg[3][0]                   | design_tictactoe_i/ps7_0_axi_periph/s00_couplers/auto_pc/inst/gen_axilite.gen_b2s_conv.axilite_b2s/RD.ar_channel_0/ar_cmd_fsm_0/axlen_cnt_reg[7] |                1 |              4 |
|  design_tictactoe_i/processing_system7_0/inst/FCLK_CLK0 | design_tictactoe_i/axi_gpio_1/U0/AXI_LITE_IPIF_I/I_SLAVE_ATTACHMENT/bus2ip_addr_i[8]_i_1_n_0                                                                          | design_tictactoe_i/axi_gpio_1/U0/AXI_LITE_IPIF_I/I_SLAVE_ATTACHMENT/SR                                                                           |                1 |              4 |
|  design_tictactoe_i/processing_system7_0/inst/FCLK_CLK0 |                                                                                                                                                                       | design_tictactoe_i/PmodGPIO_0/inst/axi_gpio_0/U0/AXI_LITE_IPIF_I/I_SLAVE_ATTACHMENT/clear                                                        |                1 |              4 |
|  design_tictactoe_i/processing_system7_0/inst/FCLK_CLK0 | design_tictactoe_i/ps7_0_axi_periph/s00_couplers/auto_pc/inst/gen_axilite.gen_b2s_conv.axilite_b2s/WR.aw_channel_0/aw_cmd_fsm_0/E[0]                                  | design_tictactoe_i/ps7_0_axi_periph/s00_couplers/auto_pc/inst/gen_axilite.gen_b2s_conv.axilite_b2s/WR.aw_channel_0/aw_cmd_fsm_0/axlen_cnt_reg[7] |                1 |              4 |
|  design_tictactoe_i/processing_system7_0/inst/FCLK_CLK0 |                                                                                                                                                                       | design_tictactoe_i/axi_gpio_2/U0/AXI_LITE_IPIF_I/I_SLAVE_ATTACHMENT/clear                                                                        |                1 |              4 |
|  design_tictactoe_i/processing_system7_0/inst/FCLK_CLK0 |                                                                                                                                                                       | design_tictactoe_i/axi_gpio_0/U0/AXI_LITE_IPIF_I/I_SLAVE_ATTACHMENT/clear                                                                        |                1 |              4 |
|  design_tictactoe_i/processing_system7_0/inst/FCLK_CLK0 | design_tictactoe_i/PmodGPIO_0/inst/axi_gpio_0/U0/AXI_LITE_IPIF_I/I_SLAVE_ATTACHMENT/bus2ip_addr_i[8]_i_1_n_0                                                          | design_tictactoe_i/PmodGPIO_0/inst/axi_gpio_0/U0/AXI_LITE_IPIF_I/I_SLAVE_ATTACHMENT/SR                                                           |                2 |              4 |
|  design_tictactoe_i/processing_system7_0/inst/FCLK_CLK0 |                                                                                                                                                                       | design_tictactoe_i/axi_gpio_5/U0/AXI_LITE_IPIF_I/I_SLAVE_ATTACHMENT/clear                                                                        |                2 |              4 |
|  design_tictactoe_i/processing_system7_0/inst/FCLK_CLK0 | design_tictactoe_i/axi_gpio_2/U0/AXI_LITE_IPIF_I/I_SLAVE_ATTACHMENT/bus2ip_addr_i[8]_i_1_n_0                                                                          | design_tictactoe_i/axi_gpio_2/U0/AXI_LITE_IPIF_I/I_SLAVE_ATTACHMENT/SR                                                                           |                2 |              4 |
|  design_tictactoe_i/processing_system7_0/inst/FCLK_CLK0 |                                                                                                                                                                       | design_tictactoe_i/ps7_0_axi_periph/s00_couplers/auto_pc/inst/gen_axilite.gen_b2s_conv.axilite_b2s/SI_REG/aw_pipe/s_ready_i_reg_0                |                3 |              4 |
|  design_tictactoe_i/processing_system7_0/inst/FCLK_CLK0 |                                                                                                                                                                       | design_tictactoe_i/ps7_0_axi_periph/s00_couplers/auto_pc/inst/gen_axilite.gen_b2s_conv.axilite_b2s/SI_REG/ar_pipe/m_valid_i_reg_0                |                2 |              4 |
|  design_tictactoe_i/processing_system7_0/inst/FCLK_CLK0 | design_tictactoe_i/axi_gpio_7/U0/AXI_LITE_IPIF_I/I_SLAVE_ATTACHMENT/bus2ip_addr_i[8]_i_1_n_0                                                                          | design_tictactoe_i/axi_gpio_7/U0/AXI_LITE_IPIF_I/I_SLAVE_ATTACHMENT/SR                                                                           |                1 |              4 |
|  design_tictactoe_i/processing_system7_0/inst/FCLK_CLK0 |                                                                                                                                                                       | design_tictactoe_i/axi_gpio_3/U0/AXI_LITE_IPIF_I/I_SLAVE_ATTACHMENT/clear                                                                        |                1 |              4 |
|  design_tictactoe_i/processing_system7_0/inst/FCLK_CLK0 |                                                                                                                                                                       | design_tictactoe_i/axi_gpio_4/U0/AXI_LITE_IPIF_I/I_SLAVE_ATTACHMENT/clear                                                                        |                1 |              4 |
|  design_tictactoe_i/processing_system7_0/inst/FCLK_CLK0 | design_tictactoe_i/axi_gpio_9/U0/AXI_LITE_IPIF_I/I_SLAVE_ATTACHMENT/bus2ip_addr_i[8]_i_1_n_0                                                                          | design_tictactoe_i/axi_gpio_9/U0/AXI_LITE_IPIF_I/I_SLAVE_ATTACHMENT/SR                                                                           |                1 |              4 |
|  design_tictactoe_i/processing_system7_0/inst/FCLK_CLK0 | design_tictactoe_i/axi_gpio_8/U0/AXI_LITE_IPIF_I/I_SLAVE_ATTACHMENT/bus2ip_addr_i[8]_i_1_n_0                                                                          | design_tictactoe_i/axi_gpio_8/U0/AXI_LITE_IPIF_I/I_SLAVE_ATTACHMENT/SR                                                                           |                2 |              4 |
|  design_tictactoe_i/processing_system7_0/inst/FCLK_CLK0 |                                                                                                                                                                       | design_tictactoe_i/axi_gpio_1/U0/AXI_LITE_IPIF_I/I_SLAVE_ATTACHMENT/clear                                                                        |                1 |              4 |
|  design_tictactoe_i/processing_system7_0/inst/FCLK_CLK0 |                                                                                                                                                                       | design_tictactoe_i/axi_gpio_6/U0/AXI_LITE_IPIF_I/I_SLAVE_ATTACHMENT/clear                                                                        |                1 |              4 |
|  design_tictactoe_i/processing_system7_0/inst/FCLK_CLK0 | design_tictactoe_i/axi_gpio_6/U0/AXI_LITE_IPIF_I/I_SLAVE_ATTACHMENT/bus2ip_addr_i[8]_i_1_n_0                                                                          | design_tictactoe_i/axi_gpio_6/U0/AXI_LITE_IPIF_I/I_SLAVE_ATTACHMENT/SR                                                                           |                1 |              4 |
|  design_tictactoe_i/processing_system7_0/inst/FCLK_CLK0 |                                                                                                                                                                       | design_tictactoe_i/axi_gpio_7/U0/AXI_LITE_IPIF_I/I_SLAVE_ATTACHMENT/clear                                                                        |                1 |              4 |
|  design_tictactoe_i/processing_system7_0/inst/FCLK_CLK0 | design_tictactoe_i/axi_gpio_5/U0/AXI_LITE_IPIF_I/I_SLAVE_ATTACHMENT/bus2ip_addr_i[8]_i_1_n_0                                                                          | design_tictactoe_i/axi_gpio_5/U0/AXI_LITE_IPIF_I/I_SLAVE_ATTACHMENT/SR                                                                           |                2 |              4 |
|  design_tictactoe_i/processing_system7_0/inst/FCLK_CLK0 |                                                                                                                                                                       | design_tictactoe_i/axi_gpio_8/U0/AXI_LITE_IPIF_I/I_SLAVE_ATTACHMENT/clear                                                                        |                1 |              4 |
|  design_tictactoe_i/processing_system7_0/inst/FCLK_CLK0 | design_tictactoe_i/axi_gpio_4/U0/AXI_LITE_IPIF_I/I_SLAVE_ATTACHMENT/bus2ip_addr_i[8]_i_1_n_0                                                                          | design_tictactoe_i/axi_gpio_4/U0/AXI_LITE_IPIF_I/I_SLAVE_ATTACHMENT/SR                                                                           |                1 |              4 |
|  design_tictactoe_i/processing_system7_0/inst/FCLK_CLK0 |                                                                                                                                                                       | design_tictactoe_i/axi_gpio_9/U0/AXI_LITE_IPIF_I/I_SLAVE_ATTACHMENT/clear                                                                        |                1 |              4 |
|  design_tictactoe_i/processing_system7_0/inst/FCLK_CLK0 | design_tictactoe_i/axi_gpio_3/U0/AXI_LITE_IPIF_I/I_SLAVE_ATTACHMENT/bus2ip_addr_i[8]_i_1_n_0                                                                          | design_tictactoe_i/axi_gpio_3/U0/AXI_LITE_IPIF_I/I_SLAVE_ATTACHMENT/SR                                                                           |                1 |              4 |
|  design_tictactoe_i/processing_system7_0/inst/FCLK_CLK0 | design_tictactoe_i/axi_gpio_0/U0/AXI_LITE_IPIF_I/I_SLAVE_ATTACHMENT/bus2ip_addr_i[8]_i_1_n_0                                                                          | design_tictactoe_i/axi_gpio_0/U0/AXI_LITE_IPIF_I/I_SLAVE_ATTACHMENT/SR                                                                           |                1 |              4 |
|  design_tictactoe_i/processing_system7_0/inst/FCLK_CLK0 |                                                                                                                                                                       | design_tictactoe_i/rst_ps7_0_100M/U0/EXT_LPF/lpf_int                                                                                             |                1 |              5 |
|  design_tictactoe_i/processing_system7_0/inst/FCLK_CLK0 | design_tictactoe_i/rst_ps7_0_100M/U0/SEQ/seq_cnt_en                                                                                                                   | design_tictactoe_i/rst_ps7_0_100M/U0/SEQ/SEQ_COUNTER/clear                                                                                       |                1 |              6 |
|  design_tictactoe_i/processing_system7_0/inst/FCLK_CLK0 |                                                                                                                                                                       | design_tictactoe_i/PmodGPIO_0/inst/axi_gpio_0/U0/AXI_LITE_IPIF_I/I_SLAVE_ATTACHMENT/I_DECODER/Not_Dual.READ_REG_GEN[0].GPIO_DBus_i_reg[24]       |                2 |              8 |
|  design_tictactoe_i/processing_system7_0/inst/FCLK_CLK0 | design_tictactoe_i/ps7_0_axi_periph/xbar/inst/gen_sasd.crossbar_sasd_0/reg_slice_r/aa_rready                                                                          |                                                                                                                                                  |                2 |              8 |
|  design_tictactoe_i/processing_system7_0/inst/FCLK_CLK0 | design_tictactoe_i/ps7_0_axi_periph/s00_couplers/auto_pc/inst/gen_axilite.gen_b2s_conv.axilite_b2s/WR.b_channel_0/mhandshake_r                                        | design_tictactoe_i/ps7_0_axi_periph/s00_couplers/auto_pc/inst/gen_axilite.gen_b2s_conv.axilite_b2s/WR.b_channel_0/bid_fifo_0/SR[0]               |                3 |              8 |
|  design_tictactoe_i/processing_system7_0/inst/FCLK_CLK0 | design_tictactoe_i/PmodGPIO_0/inst/axi_gpio_0/U0/AXI_LITE_IPIF_I/I_SLAVE_ATTACHMENT/s_axi_rdata_i[7]_i_1_n_0                                                          | design_tictactoe_i/PmodGPIO_0/inst/axi_gpio_0/U0/AXI_LITE_IPIF_I/I_SLAVE_ATTACHMENT/SR                                                           |                3 |              8 |
|  design_tictactoe_i/processing_system7_0/inst/FCLK_CLK0 | design_tictactoe_i/PmodGPIO_0/inst/axi_gpio_0/U0/AXI_LITE_IPIF_I/I_SLAVE_ATTACHMENT/I_DECODER/Not_Dual.gpio_OE_reg[0][0]                                              | design_tictactoe_i/PmodGPIO_0/inst/axi_gpio_0/U0/AXI_LITE_IPIF_I/I_SLAVE_ATTACHMENT/SR                                                           |                2 |              8 |
|  design_tictactoe_i/processing_system7_0/inst/FCLK_CLK0 | design_tictactoe_i/PmodGPIO_0/inst/axi_gpio_0/U0/AXI_LITE_IPIF_I/I_SLAVE_ATTACHMENT/I_DECODER/E[0]                                                                    | design_tictactoe_i/PmodGPIO_0/inst/axi_gpio_0/U0/AXI_LITE_IPIF_I/I_SLAVE_ATTACHMENT/SR                                                           |                2 |              8 |
|  design_tictactoe_i/processing_system7_0/inst/FCLK_CLK0 | design_tictactoe_i/ps7_0_axi_periph/xbar/inst/gen_sasd.crossbar_sasd_0/addr_arbiter_inst/E[0]                                                                         |                                                                                                                                                  |                4 |             11 |
|  design_tictactoe_i/processing_system7_0/inst/FCLK_CLK0 | design_tictactoe_i/ps7_0_axi_periph/s00_couplers/auto_pc/inst/gen_axilite.gen_b2s_conv.axilite_b2s/WR.aw_channel_0/cmd_translator_0/incr_cmd_0/axaddr_incr[0]_i_1_n_0 |                                                                                                                                                  |                3 |             12 |
|  design_tictactoe_i/processing_system7_0/inst/FCLK_CLK0 | design_tictactoe_i/ps7_0_axi_periph/s00_couplers/auto_pc/inst/gen_axilite.gen_b2s_conv.axilite_b2s/RD.ar_channel_0/ar_cmd_fsm_0/axaddr_incr_reg[11]                   |                                                                                                                                                  |                3 |             12 |
|  design_tictactoe_i/processing_system7_0/inst/FCLK_CLK0 | design_tictactoe_i/ps7_0_axi_periph/s00_couplers/auto_pc/inst/gen_axilite.gen_b2s_conv.axilite_b2s/RD.ar_channel_0/ar_cmd_fsm_0/E[0]                                  |                                                                                                                                                  |                6 |             12 |
|  design_tictactoe_i/processing_system7_0/inst/FCLK_CLK0 | design_tictactoe_i/ps7_0_axi_periph/s00_couplers/auto_pc/inst/gen_axilite.gen_b2s_conv.axilite_b2s/WR.aw_channel_0/aw_cmd_fsm_0/wrap_boundary_axaddr_r_reg[0][0]      |                                                                                                                                                  |                7 |             12 |
|  design_tictactoe_i/processing_system7_0/inst/FCLK_CLK0 | design_tictactoe_i/ps7_0_axi_periph/s00_couplers/auto_pc/inst/gen_axilite.gen_b2s_conv.axilite_b2s/RD.r_channel_0/r_push_r                                            |                                                                                                                                                  |                4 |             13 |
|  design_tictactoe_i/processing_system7_0/inst/FCLK_CLK0 | design_tictactoe_i/ps7_0_axi_periph/s00_couplers/auto_pc/inst/gen_axilite.gen_b2s_conv.axilite_b2s/SI_REG/b_pipe/p_1_in                                               |                                                                                                                                                  |                2 |             14 |
|  design_tictactoe_i/processing_system7_0/inst/FCLK_CLK0 | design_tictactoe_i/ps7_0_axi_periph/s00_couplers/auto_pc/inst/gen_axilite.gen_b2s_conv.axilite_b2s/SI_REG/b_pipe/skid_buffer_reg[0]_0                                 |                                                                                                                                                  |                2 |             14 |
|  design_tictactoe_i/processing_system7_0/inst/FCLK_CLK0 |                                                                                                                                                                       | design_tictactoe_i/axi_gpio_9/U0/AXI_LITE_IPIF_I/I_SLAVE_ATTACHMENT/SR                                                                           |                6 |             15 |
|  design_tictactoe_i/processing_system7_0/inst/FCLK_CLK0 | design_tictactoe_i/ps7_0_axi_periph/s00_couplers/auto_pc/inst/gen_axilite.gen_b2s_conv.axilite_b2s/WR.aw_channel_0/aw_cmd_fsm_0/b_push                                |                                                                                                                                                  |                3 |             16 |
|  design_tictactoe_i/processing_system7_0/inst/FCLK_CLK0 |                                                                                                                                                                       | design_tictactoe_i/axi_gpio_8/U0/AXI_LITE_IPIF_I/I_SLAVE_ATTACHMENT/SR                                                                           |               10 |             19 |
|  design_tictactoe_i/processing_system7_0/inst/FCLK_CLK0 |                                                                                                                                                                       | design_tictactoe_i/axi_gpio_7/U0/AXI_LITE_IPIF_I/I_SLAVE_ATTACHMENT/SR                                                                           |                6 |             19 |
|  design_tictactoe_i/processing_system7_0/inst/FCLK_CLK0 |                                                                                                                                                                       | design_tictactoe_i/axi_gpio_6/U0/AXI_LITE_IPIF_I/I_SLAVE_ATTACHMENT/SR                                                                           |                6 |             19 |
|  design_tictactoe_i/processing_system7_0/inst/FCLK_CLK0 |                                                                                                                                                                       | design_tictactoe_i/axi_gpio_5/U0/AXI_LITE_IPIF_I/I_SLAVE_ATTACHMENT/SR                                                                           |                7 |             19 |
|  design_tictactoe_i/processing_system7_0/inst/FCLK_CLK0 |                                                                                                                                                                       | design_tictactoe_i/axi_gpio_4/U0/AXI_LITE_IPIF_I/I_SLAVE_ATTACHMENT/SR                                                                           |                7 |             19 |
|  design_tictactoe_i/processing_system7_0/inst/FCLK_CLK0 |                                                                                                                                                                       | design_tictactoe_i/axi_gpio_3/U0/AXI_LITE_IPIF_I/I_SLAVE_ATTACHMENT/SR                                                                           |                7 |             19 |
|  design_tictactoe_i/processing_system7_0/inst/FCLK_CLK0 |                                                                                                                                                                       | design_tictactoe_i/axi_gpio_1/U0/AXI_LITE_IPIF_I/I_SLAVE_ATTACHMENT/SR                                                                           |                6 |             19 |
|  design_tictactoe_i/processing_system7_0/inst/FCLK_CLK0 |                                                                                                                                                                       | design_tictactoe_i/axi_gpio_0/U0/AXI_LITE_IPIF_I/I_SLAVE_ATTACHMENT/SR                                                                           |                6 |             19 |
|  design_tictactoe_i/processing_system7_0/inst/FCLK_CLK0 |                                                                                                                                                                       | design_tictactoe_i/axi_gpio_2/U0/AXI_LITE_IPIF_I/I_SLAVE_ATTACHMENT/SR                                                                           |                7 |             19 |
|  design_tictactoe_i/processing_system7_0/inst/FCLK_CLK0 |                                                                                                                                                                       | design_tictactoe_i/ps7_0_axi_periph/xbar/inst/gen_sasd.crossbar_sasd_0/addr_arbiter_inst/SR[0]                                                   |                9 |             19 |
|  design_tictactoe_i/processing_system7_0/inst/FCLK_CLK0 |                                                                                                                                                                       | design_tictactoe_i/PmodGPIO_0/inst/axi_gpio_0/U0/AXI_LITE_IPIF_I/I_SLAVE_ATTACHMENT/SR                                                           |                7 |             19 |
|  design_tictactoe_i/processing_system7_0/inst/FCLK_CLK0 | design_tictactoe_i/ps7_0_axi_periph/s00_couplers/auto_pc/inst/gen_axilite.gen_b2s_conv.axilite_b2s/WR.aw_channel_0/aw_cmd_fsm_0/E[0]                                  |                                                                                                                                                  |                7 |             20 |
|  design_tictactoe_i/processing_system7_0/inst/FCLK_CLK0 | design_tictactoe_i/ps7_0_axi_periph/s00_couplers/auto_pc/inst/gen_axilite.gen_b2s_conv.axilite_b2s/RD.ar_channel_0/ar_cmd_fsm_0/axlen_cnt_reg[3][0]                   |                                                                                                                                                  |                8 |             20 |
|  design_tictactoe_i/processing_system7_0/inst/FCLK_CLK0 | design_tictactoe_i/ps7_0_axi_periph/xbar/inst/gen_sasd.crossbar_sasd_0/addr_arbiter_inst/p_0_in1_in                                                                   | design_tictactoe_i/ps7_0_axi_periph/xbar/inst/gen_sasd.crossbar_sasd_0/addr_arbiter_inst/SR[0]                                                   |                9 |             23 |
|  design_tictactoe_i/processing_system7_0/inst/FCLK_CLK0 | design_tictactoe_i/ps7_0_axi_periph/s00_couplers/auto_pc/inst/gen_axilite.gen_b2s_conv.axilite_b2s/RD.r_channel_0/rd_data_fifo_0/wr_en0                               |                                                                                                                                                  |                9 |             34 |
|  design_tictactoe_i/processing_system7_0/inst/FCLK_CLK0 | design_tictactoe_i/ps7_0_axi_periph/s00_couplers/auto_pc/inst/gen_axilite.gen_b2s_conv.axilite_b2s/SI_REG/r_pipe/p_1_in                                               |                                                                                                                                                  |               10 |             47 |
|  design_tictactoe_i/processing_system7_0/inst/FCLK_CLK0 | design_tictactoe_i/ps7_0_axi_periph/s00_couplers/auto_pc/inst/gen_axilite.gen_b2s_conv.axilite_b2s/SI_REG/r_pipe/skid_buffer_reg[0]_0                                 |                                                                                                                                                  |               10 |             47 |
|  design_tictactoe_i/processing_system7_0/inst/FCLK_CLK0 | design_tictactoe_i/ps7_0_axi_periph/s00_couplers/auto_pc/inst/gen_axilite.gen_b2s_conv.axilite_b2s/SI_REG/ar_pipe/s_axi_arready                                       |                                                                                                                                                  |               13 |             52 |
|  design_tictactoe_i/processing_system7_0/inst/FCLK_CLK0 | design_tictactoe_i/ps7_0_axi_periph/s00_couplers/auto_pc/inst/gen_axilite.gen_b2s_conv.axilite_b2s/SI_REG/aw_pipe/s_axi_awready                                       |                                                                                                                                                  |               10 |             52 |
|  design_tictactoe_i/processing_system7_0/inst/FCLK_CLK0 | design_tictactoe_i/ps7_0_axi_periph/s00_couplers/auto_pc/inst/gen_axilite.gen_b2s_conv.axilite_b2s/WR.aw_channel_0/aw_cmd_fsm_0/m_payload_i_reg[0][0]                 |                                                                                                                                                  |                8 |             52 |
|  design_tictactoe_i/processing_system7_0/inst/FCLK_CLK0 | design_tictactoe_i/ps7_0_axi_periph/s00_couplers/auto_pc/inst/gen_axilite.gen_b2s_conv.axilite_b2s/RD.ar_channel_0/ar_cmd_fsm_0/m_payload_i_reg[0]_1[0]               |                                                                                                                                                  |               11 |             52 |
|  design_tictactoe_i/processing_system7_0/inst/FCLK_CLK0 |                                                                                                                                                                       | design_tictactoe_i/ps7_0_axi_periph/s00_couplers/auto_pc/inst/gen_axilite.gen_b2s_conv.axilite_b2s/areset_d1                                     |               15 |             57 |
|  design_tictactoe_i/processing_system7_0/inst/FCLK_CLK0 |                                                                                                                                                                       |                                                                                                                                                  |               99 |            303 |
+---------------------------------------------------------+-----------------------------------------------------------------------------------------------------------------------------------------------------------------------+--------------------------------------------------------------------------------------------------------------------------------------------------+------------------+----------------+


+--------+-----------------------+
| Fanout | Number of ControlSets |
+--------+-----------------------+
| 2      |                     1 |
| 4      |                    26 |
| 5      |                     1 |
| 6      |                     1 |
| 8      |                     6 |
| 11     |                     1 |
| 12     |                     4 |
| 13     |                     1 |
| 14     |                     2 |
| 15     |                     1 |
| 16+    |                    24 |
+--------+-----------------------+


