
*** Running vivado
    with args -log design_tictactoe_xbar_0.vds -m64 -product Vivado -mode batch -messageDb vivado.pb -notrace -source design_tictactoe_xbar_0.tcl


****** Vivado v2016.4 (64-bit)
  **** SW Build 1756540 on Mon Jan 23 19:11:23 MST 2017
  **** IP Build 1755317 on Mon Jan 23 20:30:07 MST 2017
    ** Copyright 1986-2016 Xilinx, Inc. All Rights Reserved.

source design_tictactoe_xbar_0.tcl -notrace
Starting RTL Elaboration : Time (s): cpu = 00:00:12 ; elapsed = 00:00:16 . Memory (MB): peak = 346.406 ; gain = 136.570
INFO: [Synth 8-638] synthesizing module 'design_tictactoe_xbar_0' [c:/Users/Ardi/Vivado/Project/TicTacToe/TicTacToe.srcs/sources_1/bd/design_tictactoe/ip/design_tictactoe_xbar_0/synth/design_tictactoe_xbar_0.v:60]
INFO: [Synth 8-638] synthesizing module 'axi_crossbar_v2_1_12_axi_crossbar' [c:/Users/Ardi/Vivado/Project/TicTacToe/TicTacToe.srcs/sources_1/bd/design_tictactoe/ipshared/896d/hdl/axi_crossbar_v2_1_vl_rfs.v:4882]
INFO: [Synth 8-638] synthesizing module 'axi_crossbar_v2_1_12_crossbar_sasd' [c:/Users/Ardi/Vivado/Project/TicTacToe/TicTacToe.srcs/sources_1/bd/design_tictactoe/ipshared/896d/hdl/axi_crossbar_v2_1_vl_rfs.v:1240]
INFO: [Synth 8-638] synthesizing module 'axi_crossbar_v2_1_12_addr_decoder' [c:/Users/Ardi/Vivado/Project/TicTacToe/TicTacToe.srcs/sources_1/bd/design_tictactoe/ipshared/896d/hdl/axi_crossbar_v2_1_vl_rfs.v:794]
INFO: [Synth 8-638] synthesizing module 'generic_baseblocks_v2_1_0_comparator_static' [c:/Users/Ardi/Vivado/Project/TicTacToe/TicTacToe.srcs/sources_1/bd/design_tictactoe/ipshared/7ee0/hdl/generic_baseblocks_v2_1_vl_rfs.v:2133]
INFO: [Synth 8-638] synthesizing module 'generic_baseblocks_v2_1_0_carry_and' [c:/Users/Ardi/Vivado/Project/TicTacToe/TicTacToe.srcs/sources_1/bd/design_tictactoe/ipshared/7ee0/hdl/generic_baseblocks_v2_1_vl_rfs.v:62]
INFO: [Synth 8-256] done synthesizing module 'generic_baseblocks_v2_1_0_carry_and' (1#1) [c:/Users/Ardi/Vivado/Project/TicTacToe/TicTacToe.srcs/sources_1/bd/design_tictactoe/ipshared/7ee0/hdl/generic_baseblocks_v2_1_vl_rfs.v:62]
INFO: [Synth 8-256] done synthesizing module 'generic_baseblocks_v2_1_0_comparator_static' (2#1) [c:/Users/Ardi/Vivado/Project/TicTacToe/TicTacToe.srcs/sources_1/bd/design_tictactoe/ipshared/7ee0/hdl/generic_baseblocks_v2_1_vl_rfs.v:2133]
INFO: [Synth 8-638] synthesizing module 'generic_baseblocks_v2_1_0_comparator_static__parameterized0' [c:/Users/Ardi/Vivado/Project/TicTacToe/TicTacToe.srcs/sources_1/bd/design_tictactoe/ipshared/7ee0/hdl/generic_baseblocks_v2_1_vl_rfs.v:2133]
INFO: [Synth 8-256] done synthesizing module 'generic_baseblocks_v2_1_0_comparator_static__parameterized0' (2#1) [c:/Users/Ardi/Vivado/Project/TicTacToe/TicTacToe.srcs/sources_1/bd/design_tictactoe/ipshared/7ee0/hdl/generic_baseblocks_v2_1_vl_rfs.v:2133]
INFO: [Synth 8-638] synthesizing module 'generic_baseblocks_v2_1_0_comparator_static__parameterized1' [c:/Users/Ardi/Vivado/Project/TicTacToe/TicTacToe.srcs/sources_1/bd/design_tictactoe/ipshared/7ee0/hdl/generic_baseblocks_v2_1_vl_rfs.v:2133]
INFO: [Synth 8-256] done synthesizing module 'generic_baseblocks_v2_1_0_comparator_static__parameterized1' (2#1) [c:/Users/Ardi/Vivado/Project/TicTacToe/TicTacToe.srcs/sources_1/bd/design_tictactoe/ipshared/7ee0/hdl/generic_baseblocks_v2_1_vl_rfs.v:2133]
INFO: [Synth 8-638] synthesizing module 'generic_baseblocks_v2_1_0_comparator_static__parameterized2' [c:/Users/Ardi/Vivado/Project/TicTacToe/TicTacToe.srcs/sources_1/bd/design_tictactoe/ipshared/7ee0/hdl/generic_baseblocks_v2_1_vl_rfs.v:2133]
INFO: [Synth 8-256] done synthesizing module 'generic_baseblocks_v2_1_0_comparator_static__parameterized2' (2#1) [c:/Users/Ardi/Vivado/Project/TicTacToe/TicTacToe.srcs/sources_1/bd/design_tictactoe/ipshared/7ee0/hdl/generic_baseblocks_v2_1_vl_rfs.v:2133]
INFO: [Synth 8-638] synthesizing module 'generic_baseblocks_v2_1_0_comparator_static__parameterized3' [c:/Users/Ardi/Vivado/Project/TicTacToe/TicTacToe.srcs/sources_1/bd/design_tictactoe/ipshared/7ee0/hdl/generic_baseblocks_v2_1_vl_rfs.v:2133]
INFO: [Synth 8-256] done synthesizing module 'generic_baseblocks_v2_1_0_comparator_static__parameterized3' (2#1) [c:/Users/Ardi/Vivado/Project/TicTacToe/TicTacToe.srcs/sources_1/bd/design_tictactoe/ipshared/7ee0/hdl/generic_baseblocks_v2_1_vl_rfs.v:2133]
INFO: [Synth 8-638] synthesizing module 'generic_baseblocks_v2_1_0_comparator_static__parameterized4' [c:/Users/Ardi/Vivado/Project/TicTacToe/TicTacToe.srcs/sources_1/bd/design_tictactoe/ipshared/7ee0/hdl/generic_baseblocks_v2_1_vl_rfs.v:2133]
INFO: [Synth 8-256] done synthesizing module 'generic_baseblocks_v2_1_0_comparator_static__parameterized4' (2#1) [c:/Users/Ardi/Vivado/Project/TicTacToe/TicTacToe.srcs/sources_1/bd/design_tictactoe/ipshared/7ee0/hdl/generic_baseblocks_v2_1_vl_rfs.v:2133]
INFO: [Synth 8-638] synthesizing module 'generic_baseblocks_v2_1_0_comparator_static__parameterized5' [c:/Users/Ardi/Vivado/Project/TicTacToe/TicTacToe.srcs/sources_1/bd/design_tictactoe/ipshared/7ee0/hdl/generic_baseblocks_v2_1_vl_rfs.v:2133]
INFO: [Synth 8-256] done synthesizing module 'generic_baseblocks_v2_1_0_comparator_static__parameterized5' (2#1) [c:/Users/Ardi/Vivado/Project/TicTacToe/TicTacToe.srcs/sources_1/bd/design_tictactoe/ipshared/7ee0/hdl/generic_baseblocks_v2_1_vl_rfs.v:2133]
INFO: [Synth 8-638] synthesizing module 'generic_baseblocks_v2_1_0_comparator_static__parameterized6' [c:/Users/Ardi/Vivado/Project/TicTacToe/TicTacToe.srcs/sources_1/bd/design_tictactoe/ipshared/7ee0/hdl/generic_baseblocks_v2_1_vl_rfs.v:2133]
INFO: [Synth 8-256] done synthesizing module 'generic_baseblocks_v2_1_0_comparator_static__parameterized6' (2#1) [c:/Users/Ardi/Vivado/Project/TicTacToe/TicTacToe.srcs/sources_1/bd/design_tictactoe/ipshared/7ee0/hdl/generic_baseblocks_v2_1_vl_rfs.v:2133]
INFO: [Synth 8-638] synthesizing module 'generic_baseblocks_v2_1_0_comparator_static__parameterized7' [c:/Users/Ardi/Vivado/Project/TicTacToe/TicTacToe.srcs/sources_1/bd/design_tictactoe/ipshared/7ee0/hdl/generic_baseblocks_v2_1_vl_rfs.v:2133]
INFO: [Synth 8-256] done synthesizing module 'generic_baseblocks_v2_1_0_comparator_static__parameterized7' (2#1) [c:/Users/Ardi/Vivado/Project/TicTacToe/TicTacToe.srcs/sources_1/bd/design_tictactoe/ipshared/7ee0/hdl/generic_baseblocks_v2_1_vl_rfs.v:2133]
INFO: [Synth 8-638] synthesizing module 'generic_baseblocks_v2_1_0_comparator_static__parameterized8' [c:/Users/Ardi/Vivado/Project/TicTacToe/TicTacToe.srcs/sources_1/bd/design_tictactoe/ipshared/7ee0/hdl/generic_baseblocks_v2_1_vl_rfs.v:2133]
INFO: [Synth 8-256] done synthesizing module 'generic_baseblocks_v2_1_0_comparator_static__parameterized8' (2#1) [c:/Users/Ardi/Vivado/Project/TicTacToe/TicTacToe.srcs/sources_1/bd/design_tictactoe/ipshared/7ee0/hdl/generic_baseblocks_v2_1_vl_rfs.v:2133]
INFO: [Synth 8-256] done synthesizing module 'axi_crossbar_v2_1_12_addr_decoder' (3#1) [c:/Users/Ardi/Vivado/Project/TicTacToe/TicTacToe.srcs/sources_1/bd/design_tictactoe/ipshared/896d/hdl/axi_crossbar_v2_1_vl_rfs.v:794]
INFO: [Synth 8-638] synthesizing module 'axi_crossbar_v2_1_12_decerr_slave' [c:/Users/Ardi/Vivado/Project/TicTacToe/TicTacToe.srcs/sources_1/bd/design_tictactoe/ipshared/896d/hdl/axi_crossbar_v2_1_vl_rfs.v:3500]
INFO: [Synth 8-256] done synthesizing module 'axi_crossbar_v2_1_12_decerr_slave' (4#1) [c:/Users/Ardi/Vivado/Project/TicTacToe/TicTacToe.srcs/sources_1/bd/design_tictactoe/ipshared/896d/hdl/axi_crossbar_v2_1_vl_rfs.v:3500]
INFO: [Synth 8-638] synthesizing module 'axi_crossbar_v2_1_12_addr_arbiter_sasd' [c:/Users/Ardi/Vivado/Project/TicTacToe/TicTacToe.srcs/sources_1/bd/design_tictactoe/ipshared/896d/hdl/axi_crossbar_v2_1_vl_rfs.v:65]
INFO: [Synth 8-256] done synthesizing module 'axi_crossbar_v2_1_12_addr_arbiter_sasd' (5#1) [c:/Users/Ardi/Vivado/Project/TicTacToe/TicTacToe.srcs/sources_1/bd/design_tictactoe/ipshared/896d/hdl/axi_crossbar_v2_1_vl_rfs.v:65]
INFO: [Synth 8-638] synthesizing module 'axi_crossbar_v2_1_12_splitter' [c:/Users/Ardi/Vivado/Project/TicTacToe/TicTacToe.srcs/sources_1/bd/design_tictactoe/ipshared/896d/hdl/axi_crossbar_v2_1_vl_rfs.v:4459]
INFO: [Synth 8-256] done synthesizing module 'axi_crossbar_v2_1_12_splitter' (6#1) [c:/Users/Ardi/Vivado/Project/TicTacToe/TicTacToe.srcs/sources_1/bd/design_tictactoe/ipshared/896d/hdl/axi_crossbar_v2_1_vl_rfs.v:4459]
INFO: [Synth 8-638] synthesizing module 'axi_crossbar_v2_1_12_splitter__parameterized0' [c:/Users/Ardi/Vivado/Project/TicTacToe/TicTacToe.srcs/sources_1/bd/design_tictactoe/ipshared/896d/hdl/axi_crossbar_v2_1_vl_rfs.v:4459]
INFO: [Synth 8-256] done synthesizing module 'axi_crossbar_v2_1_12_splitter__parameterized0' (6#1) [c:/Users/Ardi/Vivado/Project/TicTacToe/TicTacToe.srcs/sources_1/bd/design_tictactoe/ipshared/896d/hdl/axi_crossbar_v2_1_vl_rfs.v:4459]
INFO: [Synth 8-638] synthesizing module 'generic_baseblocks_v2_1_0_mux_enc' [c:/Users/Ardi/Vivado/Project/TicTacToe/TicTacToe.srcs/sources_1/bd/design_tictactoe/ipshared/7ee0/hdl/generic_baseblocks_v2_1_vl_rfs.v:2452]
INFO: [Synth 8-256] done synthesizing module 'generic_baseblocks_v2_1_0_mux_enc' (7#1) [c:/Users/Ardi/Vivado/Project/TicTacToe/TicTacToe.srcs/sources_1/bd/design_tictactoe/ipshared/7ee0/hdl/generic_baseblocks_v2_1_vl_rfs.v:2452]
INFO: [Synth 8-638] synthesizing module 'generic_baseblocks_v2_1_0_mux_enc__parameterized0' [c:/Users/Ardi/Vivado/Project/TicTacToe/TicTacToe.srcs/sources_1/bd/design_tictactoe/ipshared/7ee0/hdl/generic_baseblocks_v2_1_vl_rfs.v:2452]
INFO: [Synth 8-256] done synthesizing module 'generic_baseblocks_v2_1_0_mux_enc__parameterized0' (7#1) [c:/Users/Ardi/Vivado/Project/TicTacToe/TicTacToe.srcs/sources_1/bd/design_tictactoe/ipshared/7ee0/hdl/generic_baseblocks_v2_1_vl_rfs.v:2452]
INFO: [Synth 8-638] synthesizing module 'generic_baseblocks_v2_1_0_mux_enc__parameterized1' [c:/Users/Ardi/Vivado/Project/TicTacToe/TicTacToe.srcs/sources_1/bd/design_tictactoe/ipshared/7ee0/hdl/generic_baseblocks_v2_1_vl_rfs.v:2452]
INFO: [Synth 8-256] done synthesizing module 'generic_baseblocks_v2_1_0_mux_enc__parameterized1' (7#1) [c:/Users/Ardi/Vivado/Project/TicTacToe/TicTacToe.srcs/sources_1/bd/design_tictactoe/ipshared/7ee0/hdl/generic_baseblocks_v2_1_vl_rfs.v:2452]
INFO: [Synth 8-638] synthesizing module 'generic_baseblocks_v2_1_0_mux_enc__parameterized2' [c:/Users/Ardi/Vivado/Project/TicTacToe/TicTacToe.srcs/sources_1/bd/design_tictactoe/ipshared/7ee0/hdl/generic_baseblocks_v2_1_vl_rfs.v:2452]
INFO: [Synth 8-256] done synthesizing module 'generic_baseblocks_v2_1_0_mux_enc__parameterized2' (7#1) [c:/Users/Ardi/Vivado/Project/TicTacToe/TicTacToe.srcs/sources_1/bd/design_tictactoe/ipshared/7ee0/hdl/generic_baseblocks_v2_1_vl_rfs.v:2452]
INFO: [Synth 8-638] synthesizing module 'axi_register_slice_v2_1_11_axic_register_slice' [c:/Users/Ardi/Vivado/Project/TicTacToe/TicTacToe.srcs/sources_1/bd/design_tictactoe/ipshared/0b6b/hdl/axi_register_slice_v2_1_vl_rfs.v:85]
INFO: [Synth 8-256] done synthesizing module 'axi_register_slice_v2_1_11_axic_register_slice' (8#1) [c:/Users/Ardi/Vivado/Project/TicTacToe/TicTacToe.srcs/sources_1/bd/design_tictactoe/ipshared/0b6b/hdl/axi_register_slice_v2_1_vl_rfs.v:85]
INFO: [Synth 8-638] synthesizing module 'generic_baseblocks_v2_1_0_mux_enc__parameterized3' [c:/Users/Ardi/Vivado/Project/TicTacToe/TicTacToe.srcs/sources_1/bd/design_tictactoe/ipshared/7ee0/hdl/generic_baseblocks_v2_1_vl_rfs.v:2452]
INFO: [Synth 8-256] done synthesizing module 'generic_baseblocks_v2_1_0_mux_enc__parameterized3' (8#1) [c:/Users/Ardi/Vivado/Project/TicTacToe/TicTacToe.srcs/sources_1/bd/design_tictactoe/ipshared/7ee0/hdl/generic_baseblocks_v2_1_vl_rfs.v:2452]
INFO: [Synth 8-256] done synthesizing module 'axi_crossbar_v2_1_12_crossbar_sasd' (9#1) [c:/Users/Ardi/Vivado/Project/TicTacToe/TicTacToe.srcs/sources_1/bd/design_tictactoe/ipshared/896d/hdl/axi_crossbar_v2_1_vl_rfs.v:1240]
INFO: [Synth 8-256] done synthesizing module 'axi_crossbar_v2_1_12_axi_crossbar' (10#1) [c:/Users/Ardi/Vivado/Project/TicTacToe/TicTacToe.srcs/sources_1/bd/design_tictactoe/ipshared/896d/hdl/axi_crossbar_v2_1_vl_rfs.v:4882]
INFO: [Synth 8-256] done synthesizing module 'design_tictactoe_xbar_0' (11#1) [c:/Users/Ardi/Vivado/Project/TicTacToe/TicTacToe.srcs/sources_1/bd/design_tictactoe/ip/design_tictactoe_xbar_0/synth/design_tictactoe_xbar_0.v:60]
Finished RTL Elaboration : Time (s): cpu = 00:00:19 ; elapsed = 00:00:23 . Memory (MB): peak = 462.762 ; gain = 252.926
Finished RTL Optimization Phase 1 : Time (s): cpu = 00:00:19 ; elapsed = 00:00:23 . Memory (MB): peak = 462.762 ; gain = 252.926
INFO: [Device 21-403] Loading part xc7z010clg400-1
Constraint Validation Runtime : Time (s): cpu = 00:00:00 ; elapsed = 00:00:00.130 . Memory (MB): peak = 690.723 ; gain = 0.000
Finished Constraint Validation : Time (s): cpu = 00:00:30 ; elapsed = 00:00:35 . Memory (MB): peak = 690.723 ; gain = 480.887
Finished Loading Part and Timing Information : Time (s): cpu = 00:00:30 ; elapsed = 00:00:35 . Memory (MB): peak = 690.723 ; gain = 480.887
Finished applying 'set_property' XDC Constraints : Time (s): cpu = 00:00:30 ; elapsed = 00:00:35 . Memory (MB): peak = 690.723 ; gain = 480.887
Finished RTL Optimization Phase 2 : Time (s): cpu = 00:00:31 ; elapsed = 00:00:35 . Memory (MB): peak = 690.723 ; gain = 480.887
Finished Cross Boundary and Area Optimization : Time (s): cpu = 00:00:32 ; elapsed = 00:00:37 . Memory (MB): peak = 690.723 ; gain = 480.887
Finished Applying XDC Timing Constraints : Time (s): cpu = 00:00:43 ; elapsed = 00:00:48 . Memory (MB): peak = 690.723 ; gain = 480.887
Finished Timing Optimization : Time (s): cpu = 00:00:44 ; elapsed = 00:00:49 . Memory (MB): peak = 690.723 ; gain = 480.887
Finished Technology Mapping : Time (s): cpu = 00:00:44 ; elapsed = 00:00:49 . Memory (MB): peak = 690.723 ; gain = 480.887
Finished IO Insertion : Time (s): cpu = 00:00:45 ; elapsed = 00:00:50 . Memory (MB): peak = 690.723 ; gain = 480.887
Finished Renaming Generated Instances : Time (s): cpu = 00:00:45 ; elapsed = 00:00:50 . Memory (MB): peak = 690.723 ; gain = 480.887
Finished Rebuilding User Hierarchy : Time (s): cpu = 00:00:45 ; elapsed = 00:00:50 . Memory (MB): peak = 690.723 ; gain = 480.887
Finished Renaming Generated Ports : Time (s): cpu = 00:00:45 ; elapsed = 00:00:50 . Memory (MB): peak = 690.723 ; gain = 480.887
Finished Handling Custom Attributes : Time (s): cpu = 00:00:45 ; elapsed = 00:00:50 . Memory (MB): peak = 690.723 ; gain = 480.887
Finished Renaming Generated Nets : Time (s): cpu = 00:00:45 ; elapsed = 00:00:50 . Memory (MB): peak = 690.723 ; gain = 480.887

Report Cell Usage: 
+------+-----+------+
|      |Cell |Count |
+------+-----+------+
|1     |LUT1 |     2|
|2     |LUT2 |    24|
|3     |LUT3 |    45|
|4     |LUT4 |    76|
|5     |LUT5 |    34|
|6     |LUT6 |   229|
|7     |FDRE |   140|
+------+-----+------+
Finished Writing Synthesis Report : Time (s): cpu = 00:00:45 ; elapsed = 00:00:50 . Memory (MB): peak = 690.723 ; gain = 480.887
synth_design: Time (s): cpu = 00:00:41 ; elapsed = 00:00:43 . Memory (MB): peak = 696.305 ; gain = 432.855
